2021-03-04 10:37:16.607 [Info] Connecting to 127.0.0.1:5400...

--------------------------------------------------------------------------------
2021-03-04 10:37:17.373 [Info] Connection approved [00000000-0000-0000-0000-000000000000].

--------------------------------------------------------------------------------
2021-03-04 10:37:17.388 [Debug] approval Time=6795 Offset=63750451030539 Real=63750451037334

--------------------------------------------------------------------------------
2021-03-04 10:37:17.389 [Debug] local Time=6796 Offset=63750451030593 Real=63750451037389

--------------------------------------------------------------------------------
2021-03-04 10:37:17.389 [Debug] real delta=54

--------------------------------------------------------------------------------
2021-03-04 10:37:17.389 [Debug] this.Statistics.Ping=0 NCPing=2

--------------------------------------------------------------------------------
2021-03-04 10:37:17.391 [Debug] Connection established to remote [00000000-0000-0000-0000-000000000000/127.0.0.1:5400].

--------------------------------------------------------------------------------
2021-03-04 10:37:17.391 [Info] Connected [00000000-0000-0000-0000-000000000000].

--------------------------------------------------------------------------------
2021-03-04 10:38:43.951 [Debug] StatusChanged: [NetIncomingMessage #119 10 bytes] [Disconnecting]

--------------------------------------------------------------------------------
2021-03-04 10:38:43.954 [Debug] StatusChanged: [NetIncomingMessage #112 10 bytes] [Disconnected]

--------------------------------------------------------------------------------
2021-03-04 10:38:43.954 [Debug] Connectioned terminated to remote [00000000-0000-0000-0000-000000000000/127.0.0.1:5400].

--------------------------------------------------------------------------------
2021-03-04 10:38:43.955 [Info] Disconnected [00000000-0000-0000-0000-000000000000].

--------------------------------------------------------------------------------
